chromosome	start	end	same_chr/new_chr	length_ratio/new_pos	file
chr12	101213151	132349534	False	-3.2980	/Users/suny1/data/datahub/public/sarc_mskcc/sarc_mskcc_data_cna_hg18.seg
chr12	36594	132349534	False	-0.0013	/Users/suny1/data/datahub/public/sarc_mskcc/sarc_mskcc_data_cna_hg18.seg
chr12	36594	132349534	False	-0.0013	/Users/suny1/data/datahub/public/sarc_mskcc/sarc_mskcc_data_cna_hg18.seg
chr4	47208053	59438786	False	-3.8847	/Users/suny1/data/datahub/public/sarc_mskcc/sarc_mskcc_data_cna_hg18.seg
chr12	102281593	132349534	False	-3.4508	/Users/suny1/data/datahub/public/sarc_mskcc/sarc_mskcc_data_cna_hg18.seg
chr12	102673922	132349534	False	-3.5096	/Users/suny1/data/datahub/public/sarc_mskcc/sarc_mskcc_data_cna_hg18.seg
chr12	100686406	132349534	False	-3.2265	/Users/suny1/data/datahub/public/sarc_mskcc/sarc_mskcc_data_cna_hg18.seg
chr12	90856553	132349534	False	-2.2253	/Users/suny1/data/datahub/public/sarc_mskcc/sarc_mskcc_data_cna_hg18.seg
chr12	130744181	132349534	False	-82.3359	/Users/suny1/data/datahub/public/sarc_mskcc/sarc_mskcc_data_cna_hg18.seg
chr12	130769865	132349534	False	-83.6909	/Users/suny1/data/datahub/public/sarc_mskcc/sarc_mskcc_data_cna_hg18.seg
chr17	19886433	22575809	True	2.0844	/Users/suny1/data/datahub/public/sarc_mskcc/sarc_mskcc_data_cna_hg18.seg
chr17	59745097	59869144	False	371.5183	/Users/suny1/data/datahub/public/sarc_mskcc/sarc_mskcc_data_cna_hg18.seg
chr1	29732066	29791127	False	-505.5702	/Users/suny1/data/datahub/public/sarc_mskcc/sarc_mskcc_data_cna_hg18.seg
chr12	129287114	132349534	False	-42.6856	/Users/suny1/data/datahub/public/sarc_mskcc/sarc_mskcc_data_cna_hg18.seg
chr19	24032496	33686723	True	0.4925	/Users/suny1/data/datahub/public/sarc_mskcc/sarc_mskcc_data_cna_hg18.seg
chr12	122799354	132349534	False	-13.0085	/Users/suny1/data/datahub/public/sarc_mskcc/sarc_mskcc_data_cna_hg18.seg
chr12	130744412	132349534	False	-82.3479	/Users/suny1/data/datahub/public/sarc_mskcc/sarc_mskcc_data_cna_hg18.seg
chr12	130744412	132349534	False	-82.3479	/Users/suny1/data/datahub/public/sarc_mskcc/sarc_mskcc_data_cna_hg18.seg
chr1	145819658	146967023	False	-128.4273	/Users/suny1/data/datahub/public/sarc_mskcc/sarc_mskcc_data_cna_hg18.seg
chr12	130936688	132349534	False	-93.6908	/Users/suny1/data/datahub/public/sarc_mskcc/sarc_mskcc_data_cna_hg18.seg
chr12	129843525	132349534	False	-52.3851	/Users/suny1/data/datahub/public/sarc_mskcc/sarc_mskcc_data_cna_hg18.seg
chr12	124517245	132349534	False	-16.0810	/Users/suny1/data/datahub/public/sarc_mskcc/sarc_mskcc_data_cna_hg18.seg
chr12	95844824	132349534	False	-2.6660	/Users/suny1/data/datahub/public/sarc_mskcc/sarc_mskcc_data_cna_hg18.seg
chr12	122644035	132349534	False	-12.7843	/Users/suny1/data/datahub/public/sarc_mskcc/sarc_mskcc_data_cna_hg18.seg
chr17	21834506	23113501	True	3.2674	/Users/suny1/data/datahub/public/sarc_mskcc/sarc_mskcc_data_cna_hg18.seg
chr12	128750339	132349534	False	-36.1704	/Users/suny1/data/datahub/public/sarc_mskcc/sarc_mskcc_data_cna_hg18.seg
chr12	130748917	132349534	False	-82.5825	/Users/suny1/data/datahub/public/sarc_mskcc/sarc_mskcc_data_cna_hg18.seg
chr1	115697069	146751818	False	-3.7320	/Users/suny1/data/datahub/public/sarc_mskcc/sarc_mskcc_data_cna_hg18.seg
chr12	130744181	132349534	False	-82.3359	/Users/suny1/data/datahub/public/sarc_mskcc/sarc_mskcc_data_cna_hg18.seg
chr17	22032910	22733465	True	5.1396	/Users/suny1/data/datahub/public/sarc_mskcc/sarc_mskcc_data_cna_hg18.seg
chr2	3273964	3541434	False	-12.3190	/Users/suny1/data/datahub/public/sarc_mskcc/sarc_mskcc_data_cna_hg18.seg
chr9	131705224	136198806	False	-29.5233	/Users/suny1/data/datahub/public/sarc_mskcc/sarc_mskcc_data_cna_hg18.seg
chr12	124115142	132349534	False	-15.2469	/Users/suny1/data/datahub/public/sarc_mskcc/sarc_mskcc_data_cna_hg18.seg
chr12	130744181	132349534	False	-82.3359	/Users/suny1/data/datahub/public/sarc_mskcc/sarc_mskcc_data_cna_hg18.seg
chr12	130748229	132349534	False	-82.5466	/Users/suny1/data/datahub/public/sarc_mskcc/sarc_mskcc_data_cna_hg18.seg
chr1	146713021	146752210	False	-3785.4091	/Users/suny1/data/datahub/public/sarc_mskcc/sarc_mskcc_data_cna_hg18.seg
chr1	146792483	146967023	False	-850.9560	/Users/suny1/data/datahub/public/sarc_mskcc/sarc_mskcc_data_cna_hg18.seg
chr12	130751277	132349534	False	-82.7059	/Users/suny1/data/datahub/public/sarc_mskcc/sarc_mskcc_data_cna_hg18.seg
chr17	21100678	23843192	True	2.0634	/Users/suny1/data/datahub/public/sarc_mskcc/sarc_mskcc_data_cna_hg18.seg
chr4	57747443	71618687	False	-4.1851	/Users/suny1/data/datahub/public/sarc_mskcc/sarc_mskcc_data_cna_hg18.seg
chr12	129843525	132349534	False	-52.3851	/Users/suny1/data/datahub/public/sarc_mskcc/sarc_mskcc_data_cna_hg18.seg
chr12	130744181	132349534	False	-82.3359	/Users/suny1/data/datahub/public/sarc_mskcc/sarc_mskcc_data_cna_hg18.seg
chr17	21437192	23850881	True	2.2083	/Users/suny1/data/datahub/public/sarc_mskcc/sarc_mskcc_data_cna_hg18.seg
chr12	132282738	132349534	False	-2002.7047	/Users/suny1/data/datahub/public/sarc_mskcc/sarc_mskcc_data_cna_hg18.seg
chr17	21028207	23850881	True	2.0332	/Users/suny1/data/datahub/public/sarc_mskcc/sarc_mskcc_data_cna_hg18.seg
chr12	127078915	132349534	False	-24.3829	/Users/suny1/data/datahub/public/sarc_mskcc/sarc_mskcc_data_cna_hg18.seg
chr19	23185126	32764651	True	0.4885	/Users/suny1/data/datahub/public/sarc_mskcc/sarc_mskcc_data_cna_hg18.seg
chr12	124189237	132349534	False	-15.3945	/Users/suny1/data/datahub/public/sarc_mskcc/sarc_mskcc_data_cna_hg18.seg
chr12	130744181	132349534	False	-82.3359	/Users/suny1/data/datahub/public/sarc_mskcc/sarc_mskcc_data_cna_hg18.seg
chr17	21348971	22565699	True	3.3970	/Users/suny1/data/datahub/public/sarc_mskcc/sarc_mskcc_data_cna_hg18.seg
chr12	109967986	132349534	False	-4.9810	/Users/suny1/data/datahub/public/sarc_mskcc/sarc_mskcc_data_cna_hg18.seg
chr12	123260759	132349534	False	-13.7196	/Users/suny1/data/datahub/public/sarc_mskcc/sarc_mskcc_data_cna_hg18.seg
chr12	118650204	121138480	False	-48.2928	/Users/suny1/data/datahub/public/sarc_mskcc/sarc_mskcc_data_cna_hg18.seg
chr12	130744050	132349534	False	-82.3291	/Users/suny1/data/datahub/public/sarc_mskcc/sarc_mskcc_data_cna_hg18.seg
chr12	124500268	132349534	False	-16.0441	/Users/suny1/data/datahub/public/sarc_mskcc/sarc_mskcc_data_cna_hg18.seg
chr19	24039581	33136797	True	0.4614	/Users/suny1/data/datahub/public/sarc_mskcc/sarc_mskcc_data_cna_hg18.seg
chr12	119886718	132349534	False	-9.7412	/Users/suny1/data/datahub/public/sarc_mskcc/sarc_mskcc_data_cna_hg18.seg
chr12	112109030	132349534	False	-5.6137	/Users/suny1/data/datahub/public/sarc_mskcc/sarc_mskcc_data_cna_hg18.seg
chr19	24031628	33106416	True	0.4600	/Users/suny1/data/datahub/public/sarc_mskcc/sarc_mskcc_data_cna_hg18.seg
chr1	120230001	146509391	False	-4.5826	/Users/suny1/data/datahub/public/sarc_mskcc/sarc_mskcc_data_cna_hg18.seg
chr6	169536264	170088907	False	-307.2406	/Users/suny1/data/datahub/public/sarc_mskcc/sarc_mskcc_data_cna_hg18.seg
chr12	94073866	132349534	False	-2.4964	/Users/suny1/data/datahub/public/sarc_mskcc/sarc_mskcc_data_cna_hg18.seg
chr12	119519356	121138480	False	-74.7534	/Users/suny1/data/datahub/public/sarc_mskcc/sarc_mskcc_data_cna_hg18.seg
chr12	124604445	132349534	False	-16.2733	/Users/suny1/data/datahub/public/sarc_mskcc/sarc_mskcc_data_cna_hg18.seg
chr12	91027951	132349534	False	-2.2386	/Users/suny1/data/datahub/public/sarc_mskcc/sarc_mskcc_data_cna_hg18.seg
chr12	124517245	132349534	False	-16.0810	/Users/suny1/data/datahub/public/sarc_mskcc/sarc_mskcc_data_cna_hg18.seg
chr1	143573921	146967023	False	-42.6933	/Users/suny1/data/datahub/public/sarc_mskcc/sarc_mskcc_data_cna_hg18.seg
chr9	129230159	136088711	False	-18.9822	/Users/suny1/data/datahub/public/sarc_mskcc/sarc_mskcc_data_cna_hg18.seg
chr12	124928948	132349534	False	-17.0287	/Users/suny1/data/datahub/public/sarc_mskcc/sarc_mskcc_data_cna_hg18.seg
chr12	131156176	131289703	False	-992.9844	/Users/suny1/data/datahub/public/sarc_mskcc/sarc_mskcc_data_cna_hg18.seg
chr12	131617891	132349534	False	-181.9300	/Users/suny1/data/datahub/public/sarc_mskcc/sarc_mskcc_data_cna_hg18.seg
chr12	129011381	132349534	False	-39.0771	/Users/suny1/data/datahub/public/sarc_mskcc/sarc_mskcc_data_cna_hg18.seg
chr12	122985047	132349534	False	-13.2863	/Users/suny1/data/datahub/public/sarc_mskcc/sarc_mskcc_data_cna_hg18.seg
chr9	69287560	69995968	False	-98.8099	/Users/suny1/data/datahub/public/sarc_mskcc/sarc_mskcc_data_cna_hg18.seg
chr12	74562689	132349534	False	-1.3200	/Users/suny1/data/datahub/public/sarc_mskcc/sarc_mskcc_data_cna_hg18.seg
chr19	24039581	33136797	True	0.4614	/Users/suny1/data/datahub/public/sarc_mskcc/sarc_mskcc_data_cna_hg18.seg
chr12	130525785	132349534	False	-72.3564	/Users/suny1/data/datahub/public/sarc_mskcc/sarc_mskcc_data_cna_hg18.seg
chr19	24140765	33338372	True	0.4673	/Users/suny1/data/datahub/public/sarc_mskcc/sarc_mskcc_data_cna_hg18.seg
chr12	129286917	132349534	False	-42.6828	/Users/suny1/data/datahub/public/sarc_mskcc/sarc_mskcc_data_cna_hg18.seg
chr12	130748229	132349534	False	-82.5466	/Users/suny1/data/datahub/public/sarc_mskcc/sarc_mskcc_data_cna_hg18.seg
chr12	84430978	132349534	False	-1.7928	/Users/suny1/data/datahub/public/sarc_mskcc/sarc_mskcc_data_cna_hg18.seg
chr12	122825406	132349534	False	-13.0468	/Users/suny1/data/datahub/public/sarc_mskcc/sarc_mskcc_data_cna_hg18.seg
chr12	127794840	132349534	False	-28.3727	/Users/suny1/data/datahub/public/sarc_mskcc/sarc_mskcc_data_cna_hg18.seg
chr12	123260759	132349534	False	-13.7196	/Users/suny1/data/datahub/public/sarc_mskcc/sarc_mskcc_data_cna_hg18.seg
chr12	124383533	132349534	False	-15.7943	/Users/suny1/data/datahub/public/sarc_mskcc/sarc_mskcc_data_cna_hg18.seg
chr12	112425080	132349534	False	-5.7186	/Users/suny1/data/datahub/public/sarc_mskcc/sarc_mskcc_data_cna_hg18.seg
chr12	104707965	132349534	False	-3.8415	/Users/suny1/data/datahub/public/sarc_mskcc/sarc_mskcc_data_cna_hg18.seg
chr12	36594	132349534	False	-0.0013	/Users/suny1/data/datahub/public/sarc_mskcc/sarc_mskcc_data_cna_hg18.seg
chr2	109452089	109508237	False	-1960.6336	/Users/suny1/data/datahub/public/sarc_mskcc/sarc_mskcc_data_cna_hg18.seg
chr12	126533541	132349534	False	-22.0027	/Users/suny1/data/datahub/public/sarc_mskcc/sarc_mskcc_data_cna_hg18.seg
chr12	127254746	132349534	False	-25.2589	/Users/suny1/data/datahub/public/sarc_mskcc/sarc_mskcc_data_cna_hg18.seg
chr19	24014367	33020593	True	0.4559	/Users/suny1/data/datahub/public/sarc_mskcc/sarc_mskcc_data_cna_hg18.seg
chr12	104902450	132349534	False	-3.8758	/Users/suny1/data/datahub/public/sarc_mskcc/sarc_mskcc_data_cna_hg18.seg
chr12	127078915	132349534	False	-24.3829	/Users/suny1/data/datahub/public/sarc_mskcc/sarc_mskcc_data_cna_hg18.seg
chr19	24033464	33106474	True	0.4599	/Users/suny1/data/datahub/public/sarc_mskcc/sarc_mskcc_data_cna_hg18.seg
chr9	24778126	64197638	False	-0.6288	/Users/suny1/data/datahub/public/sarc_mskcc/sarc_mskcc_data_cna_hg18.seg
chr12	36594	132349534	False	-0.0013	/Users/suny1/data/datahub/public/sarc_mskcc/sarc_mskcc_data_cna_hg18.seg
chr1	29394979	29763417	False	-80.1285	/Users/suny1/data/datahub/public/sarc_mskcc/sarc_mskcc_data_cna_hg18.seg
chr12	130756912	132349534	False	-83.0021	/Users/suny1/data/datahub/public/sarc_mskcc/sarc_mskcc_data_cna_hg18.seg
chr17	22032910	22770746	True	4.9304	/Users/suny1/data/datahub/public/sarc_mskcc/sarc_mskcc_data_cna_hg18.seg
chr17	59740823	59869144	False	359.1775	/Users/suny1/data/datahub/public/sarc_mskcc/sarc_mskcc_data_cna_hg18.seg
chr19	24165666	32836340	True	0.4349	/Users/suny1/data/datahub/public/sarc_mskcc/sarc_mskcc_data_cna_hg18.seg
chr1	145819658	146509391	False	-213.6378	/Users/suny1/data/datahub/public/sarc_mskcc/sarc_mskcc_data_cna_hg18.seg
chr12	99059813	132349534	False	-3.0200	/Users/suny1/data/datahub/public/sarc_mskcc/sarc_mskcc_data_cna_hg18.seg
chr1	145819658	146509391	False	-213.6378	/Users/suny1/data/datahub/public/sarc_mskcc/sarc_mskcc_data_cna_hg18.seg
chr12	125850508	132349534	False	-19.5852	/Users/suny1/data/datahub/public/sarc_mskcc/sarc_mskcc_data_cna_hg18.seg
chr12	27548428	132349534	False	-0.2639	/Users/suny1/data/datahub/public/sarc_mskcc/sarc_mskcc_data_cna_hg18.seg
chr12	36594	132349534	False	-0.0013	/Users/suny1/data/datahub/public/sarc_mskcc/sarc_mskcc_data_cna_hg18.seg
chr9	131705224	132185824	False	-276.0412	/Users/suny1/data/datahub/public/sarc_mskcc/sarc_mskcc_data_cna_hg18.seg
chr12	130744412	132349534	False	-82.3479	/Users/suny1/data/datahub/public/sarc_mskcc/sarc_mskcc_data_cna_hg18.seg
chr12	126619332	132349534	False	-22.3471	/Users/suny1/data/datahub/public/sarc_mskcc/sarc_mskcc_data_cna_hg18.seg
chr12	129894866	132349534	False	-53.5017	/Users/suny1/data/datahub/public/sarc_mskcc/sarc_mskcc_data_cna_hg18.seg
chr12	113249400	132349534	False	-6.0086	/Users/suny1/data/datahub/public/sarc_mskcc/sarc_mskcc_data_cna_hg18.seg
chr12	91561236	132349534	False	-2.2810	/Users/suny1/data/datahub/public/sarc_mskcc/sarc_mskcc_data_cna_hg18.seg
chr12	92419225	132349534	False	-2.3515	/Users/suny1/data/datahub/public/sarc_mskcc/sarc_mskcc_data_cna_hg18.seg
chr12	36594	132349534	False	-0.0013	/Users/suny1/data/datahub/public/sarc_mskcc/sarc_mskcc_data_cna_hg18.seg
chr12	36594	132349534	False	-0.0013	/Users/suny1/data/datahub/public/sarc_mskcc/sarc_mskcc_data_cna_hg18.seg
chr12	36594	132349534	False	-0.0013	/Users/suny1/data/datahub/public/sarc_mskcc/sarc_mskcc_data_cna_hg18.seg
chr19	24165666	33106474	True	0.4520	/Users/suny1/data/datahub/public/sarc_mskcc/sarc_mskcc_data_cna_hg18.seg
chr12	129698258	132349534	False	-49.4601	/Users/suny1/data/datahub/public/sarc_mskcc/sarc_mskcc_data_cna_hg18.seg
chr12	73498794	132349534	False	-1.2780	/Users/suny1/data/datahub/public/sarc_mskcc/sarc_mskcc_data_cna_hg18.seg
chr19	24039581	33136797	True	0.4614	/Users/suny1/data/datahub/public/sarc_mskcc/sarc_mskcc_data_cna_hg18.seg
chr12	94298652	132349534	False	-2.5170	/Users/suny1/data/datahub/public/sarc_mskcc/sarc_mskcc_data_cna_hg18.seg
chr19	24031628	33338372	True	0.4735	/Users/suny1/data/datahub/public/sarc_mskcc/sarc_mskcc_data_cna_hg18.seg
chr12	36993209	132349534	False	-0.4059	/Users/suny1/data/datahub/public/sarc_mskcc/sarc_mskcc_data_cna_hg18.seg
chr12	122623492	132349534	False	-12.7552	/Users/suny1/data/datahub/public/sarc_mskcc/sarc_mskcc_data_cna_hg18.seg
chr19	24039581	33106416	True	0.4596	/Users/suny1/data/datahub/public/sarc_mskcc/sarc_mskcc_data_cna_hg18.seg
chr12	122644035	132349534	False	-12.7843	/Users/suny1/data/datahub/public/sarc_mskcc/sarc_mskcc_data_cna_hg18.seg
chr17	21656820	22367498	True	5.0806	/Users/suny1/data/datahub/public/sarc_mskcc/sarc_mskcc_data_cna_hg18.seg
chr12	122644035	132349534	False	-12.7843	/Users/suny1/data/datahub/public/sarc_mskcc/sarc_mskcc_data_cna_hg18.seg
chr17	22069633	22988796	True	4.1550	/Users/suny1/data/datahub/public/sarc_mskcc/sarc_mskcc_data_cna_hg18.seg
chr12	118032381	132349534	False	-8.3500	/Users/suny1/data/datahub/public/sarc_mskcc/sarc_mskcc_data_cna_hg18.seg
chr7	140362967	141941760	False	-89.1292	/Users/suny1/data/datahub/public/sarc_mskcc/sarc_mskcc_data_cna_hg18.seg
chr12	130784863	132349534	False	-84.5027	/Users/suny1/data/datahub/public/sarc_mskcc/sarc_mskcc_data_cna_hg18.seg
chr12	132134663	132349534	False	-621.8829	/Users/suny1/data/datahub/public/sarc_mskcc/sarc_mskcc_data_cna_hg18.seg
chr4	71398166	71618687	False	-323.6135	/Users/suny1/data/datahub/public/sarc_mskcc/sarc_mskcc_data_cna_hg18.seg
chr12	130748229	132349534	False	-82.5466	/Users/suny1/data/datahub/public/sarc_mskcc/sarc_mskcc_data_cna_hg18.seg
chr17	22069633	22947297	True	4.3042	/Users/suny1/data/datahub/public/sarc_mskcc/sarc_mskcc_data_cna_hg18.seg
chr12	91039294	132349534	False	-2.2395	/Users/suny1/data/datahub/public/sarc_mskcc/sarc_mskcc_data_cna_hg18.seg
chr19	24031628	33106474	True	0.4600	/Users/suny1/data/datahub/public/sarc_mskcc/sarc_mskcc_data_cna_hg18.seg
chr12	129505350	132349534	False	-46.0376	/Users/suny1/data/datahub/public/sarc_mskcc/sarc_mskcc_data_cna_hg18.seg
chr12	131930862	132349534	False	-318.6762	/Users/suny1/data/datahub/public/sarc_mskcc/sarc_mskcc_data_cna_hg18.seg
chr12	121879425	132349534	False	-11.7777	/Users/suny1/data/datahub/public/sarc_mskcc/sarc_mskcc_data_cna_hg18.seg
chr12	129011381	132349534	False	-39.0771	/Users/suny1/data/datahub/public/sarc_mskcc/sarc_mskcc_data_cna_hg18.seg
chr12	86839942	132349534	False	-1.9406	/Users/suny1/data/datahub/public/sarc_mskcc/sarc_mskcc_data_cna_hg18.seg
chr12	130897942	132349534	False	-91.1634	/Users/suny1/data/datahub/public/sarc_mskcc/sarc_mskcc_data_cna_hg18.seg
chr12	91312762	132349534	False	-2.2611	/Users/suny1/data/datahub/public/sarc_mskcc/sarc_mskcc_data_cna_hg18.seg
chr12	104523850	132349534	False	-3.8094	/Users/suny1/data/datahub/public/sarc_mskcc/sarc_mskcc_data_cna_hg18.seg
chr12	130748068	132349534	False	-82.5382	/Users/suny1/data/datahub/public/sarc_mskcc/sarc_mskcc_data_cna_hg18.seg
chr19	23605608	32690406	True	0.4606	/Users/suny1/data/datahub/public/sarc_mskcc/sarc_mskcc_data_cna_hg18.seg
chr12	129011381	132349534	False	-39.0771	/Users/suny1/data/datahub/public/sarc_mskcc/sarc_mskcc_data_cna_hg18.seg
chr12	121872489	132349534	False	-11.7692	/Users/suny1/data/datahub/public/sarc_mskcc/sarc_mskcc_data_cna_hg18.seg
chr12	16254806	132349534	False	-0.1409	/Users/suny1/data/datahub/public/sarc_mskcc/sarc_mskcc_data_cna_hg18.seg
chr19	24039581	33106474	True	0.4596	/Users/suny1/data/datahub/public/sarc_mskcc/sarc_mskcc_data_cna_hg18.seg
chr12	124383533	132349534	False	-15.7943	/Users/suny1/data/datahub/public/sarc_mskcc/sarc_mskcc_data_cna_hg18.seg
chr12	121899205	132349534	False	-11.8019	/Users/suny1/data/datahub/public/sarc_mskcc/sarc_mskcc_data_cna_hg18.seg
chr19	24161928	33136797	True	0.4540	/Users/suny1/data/datahub/public/sarc_mskcc/sarc_mskcc_data_cna_hg18.seg
chr12	124517245	132349534	False	-16.0810	/Users/suny1/data/datahub/public/sarc_mskcc/sarc_mskcc_data_cna_hg18.seg
chr19	24039581	33136797	True	0.4614	/Users/suny1/data/datahub/public/sarc_mskcc/sarc_mskcc_data_cna_hg18.seg
chr12	36594	132349534	False	-0.0013	/Users/suny1/data/datahub/public/sarc_mskcc/sarc_mskcc_data_cna_hg18.seg
chr12	90613184	132349534	False	-2.2064	/Users/suny1/data/datahub/public/sarc_mskcc/sarc_mskcc_data_cna_hg18.seg
chr7	140641005	141962328	False	-44.7024	/Users/suny1/data/datahub/public/sarc_mskcc/sarc_mskcc_data_cna_hg18.seg
chr12	129425695	132349534	False	-44.7561	/Users/suny1/data/datahub/public/sarc_mskcc/sarc_mskcc_data_cna_hg18.seg
chr9	36153002	68245287	False	-1.1268	/Users/suny1/data/datahub/public/sarc_mskcc/sarc_mskcc_data_cna_hg18.seg
chr12	130077971	132349534	False	-57.8949	/Users/suny1/data/datahub/public/sarc_mskcc/sarc_mskcc_data_cna_hg18.seg
chr12	131913385	132349534	False	-305.8664	/Users/suny1/data/datahub/public/sarc_mskcc/sarc_mskcc_data_cna_hg18.seg
chr17	21437192	23843192	True	2.2122	/Users/suny1/data/datahub/public/sarc_mskcc/sarc_mskcc_data_cna_hg18.seg
chr12	126352450	132349534	False	-21.3081	/Users/suny1/data/datahub/public/sarc_mskcc/sarc_mskcc_data_cna_hg18.seg
chr1	143030042	146751818	False	-38.7768	/Users/suny1/data/datahub/public/sarc_mskcc/sarc_mskcc_data_cna_hg18.seg
chr9	32078080	68245287	False	-0.8872	/Users/suny1/data/datahub/public/sarc_mskcc/sarc_mskcc_data_cna_hg18.seg
chr12	122841795	132349534	False	-13.0710	/Users/suny1/data/datahub/public/sarc_mskcc/sarc_mskcc_data_cna_hg18.seg
chr12	122841795	132349534	False	-13.0710	/Users/suny1/data/datahub/public/sarc_mskcc/sarc_mskcc_data_cna_hg18.seg
chr12	91027951	132349534	False	-2.2386	/Users/suny1/data/datahub/public/sarc_mskcc/sarc_mskcc_data_cna_hg18.seg
chr12	130775778	132349534	False	-84.0091	/Users/suny1/data/datahub/public/sarc_mskcc/sarc_mskcc_data_cna_hg18.seg
chr17	21308497	22747427	True	3.0268	/Users/suny1/data/datahub/public/sarc_mskcc/sarc_mskcc_data_cna_hg18.seg
chr1	145819658	146509391	False	-213.6378	/Users/suny1/data/datahub/public/sarc_mskcc/sarc_mskcc_data_cna_hg18.seg
chr12	129161348	132349534	False	-40.9623	/Users/suny1/data/datahub/public/sarc_mskcc/sarc_mskcc_data_cna_hg18.seg
chr12	37202476	132349534	False	-0.4090	/Users/suny1/data/datahub/public/sarc_mskcc/sarc_mskcc_data_cna_hg18.seg
chr12	122644035	132349534	False	-12.7843	/Users/suny1/data/datahub/public/sarc_mskcc/sarc_mskcc_data_cna_hg18.seg
chr19	24161928	32833529	True	0.4349	/Users/suny1/data/datahub/public/sarc_mskcc/sarc_mskcc_data_cna_hg18.seg
chr12	124383533	132349534	False	-15.7943	/Users/suny1/data/datahub/public/sarc_mskcc/sarc_mskcc_data_cna_hg18.seg
chr17	22032910	23078509	True	3.7735	/Users/suny1/data/datahub/public/sarc_mskcc/sarc_mskcc_data_cna_hg18.seg
chr6	82885557	170088907	False	-0.9498	/Users/suny1/data/datahub/public/sarc_mskcc/sarc_mskcc_data_cna_hg18.seg
chr12	129843525	132349534	False	-52.3851	/Users/suny1/data/datahub/public/sarc_mskcc/sarc_mskcc_data_cna_hg18.seg
chr12	132054760	132349534	False	-453.0409	/Users/suny1/data/datahub/public/sarc_mskcc/sarc_mskcc_data_cna_hg18.seg
chr4	52972909	59438786	False	-8.2399	/Users/suny1/data/datahub/public/sarc_mskcc/sarc_mskcc_data_cna_hg18.seg
chr12	87241903	132349534	False	-1.9668	/Users/suny1/data/datahub/public/sarc_mskcc/sarc_mskcc_data_cna_hg18.seg
chr12	129242399	132349534	False	-42.0569	/Users/suny1/data/datahub/public/sarc_mskcc/sarc_mskcc_data_cna_hg18.seg
chr1	143216727	144555760	False	-107.9177	/Users/suny1/data/datahub/public/sarc_mskcc/sarc_mskcc_data_cna_hg18.seg
chr12	129242399	132349534	False	-42.0569	/Users/suny1/data/datahub/public/sarc_mskcc/sarc_mskcc_data_cna_hg18.seg
chr12	132254227	132349534	False	-1403.2983	/Users/suny1/data/datahub/public/sarc_mskcc/sarc_mskcc_data_cna_hg18.seg
chr12	129193348	132349534	False	-41.3877	/Users/suny1/data/datahub/public/sarc_mskcc/sarc_mskcc_data_cna_hg18.seg
chr12	90844318	132349534	False	-2.2243	/Users/suny1/data/datahub/public/sarc_mskcc/sarc_mskcc_data_cna_hg18.seg
chr12	122572879	132349534	False	-12.6840	/Users/suny1/data/datahub/public/sarc_mskcc/sarc_mskcc_data_cna_hg18.seg
chr12	130984059	132349534	False	-96.9759	/Users/suny1/data/datahub/public/sarc_mskcc/sarc_mskcc_data_cna_hg18.seg
chr1	120070967	147239482	False	-4.4268	/Users/suny1/data/datahub/public/sarc_mskcc/sarc_mskcc_data_cna_hg18.seg
chr12	129242399	132349534	False	-42.0569	/Users/suny1/data/datahub/public/sarc_mskcc/sarc_mskcc_data_cna_hg18.seg
chr12	130784863	132349534	False	-84.5027	/Users/suny1/data/datahub/public/sarc_mskcc/sarc_mskcc_data_cna_hg18.seg
chr9	32893329	68245287	False	-0.9307	/Users/suny1/data/datahub/public/sarc_mskcc/sarc_mskcc_data_cna_hg18.seg
chr12	125853993	132349534	False	-19.5962	/Users/suny1/data/datahub/public/sarc_mskcc/sarc_mskcc_data_cna_hg18.seg
chr17	21832515	23841664	True	2.4434	/Users/suny1/data/datahub/public/sarc_mskcc/sarc_mskcc_data_cna_hg18.seg
chr12	54206540	132349534	False	-0.7156	/Users/suny1/data/datahub/public/sarc_mskcc/sarc_mskcc_data_cna_hg18.seg
chr12	130064451	132349534	False	-57.5465	/Users/suny1/data/datahub/public/sarc_mskcc/sarc_mskcc_data_cna_hg18.seg
chr1	141484300	142576039	False	-130.5649	/Users/suny1/data/datahub/public/sarc_mskcc/sarc_mskcc_data_cna_hg18.seg
chr12	128536856	132349534	False	-34.0891	/Users/suny1/data/datahub/public/sarc_mskcc/sarc_mskcc_data_cna_hg18.seg
chr12	129369766	132349534	False	-43.8973	/Users/suny1/data/datahub/public/sarc_mskcc/sarc_mskcc_data_cna_hg18.seg
chr12	130744181	132349534	False	-82.3359	/Users/suny1/data/datahub/public/sarc_mskcc/sarc_mskcc_data_cna_hg18.seg
chr9	90689687	91566243	False	-104.3857	/Users/suny1/data/datahub/public/sarc_mskcc/sarc_mskcc_data_cna_hg18.seg
chr12	132013684	132349534	False	-397.5096	/Users/suny1/data/datahub/public/sarc_mskcc/sarc_mskcc_data_cna_hg18.seg
chr17	22069633	24106837	True	2.4235	/Users/suny1/data/datahub/public/sarc_mskcc/sarc_mskcc_data_cna_hg18.seg
chr6	167088250	170087660	False	-55.7337	/Users/suny1/data/datahub/public/sarc_mskcc/sarc_mskcc_data_cna_hg18.seg
chr12	37276549	132349534	False	-0.4101	/Users/suny1/data/datahub/public/sarc_mskcc/sarc_mskcc_data_cna_hg18.seg
chr12	118023890	132349534	False	-8.3444	/Users/suny1/data/datahub/public/sarc_mskcc/sarc_mskcc_data_cna_hg18.seg
chr19	24039581	32902841	True	0.4472	/Users/suny1/data/datahub/public/sarc_mskcc/sarc_mskcc_data_cna_hg18.seg
chr12	127794840	132349534	False	-28.3727	/Users/suny1/data/datahub/public/sarc_mskcc/sarc_mskcc_data_cna_hg18.seg
chr12	128633614	132349534	False	-35.0028	/Users/suny1/data/datahub/public/sarc_mskcc/sarc_mskcc_data_cna_hg18.seg
chr12	130841484	132349534	False	-87.7130	/Users/suny1/data/datahub/public/sarc_mskcc/sarc_mskcc_data_cna_hg18.seg
chr9	40073195	64197638	False	-1.6615	/Users/suny1/data/datahub/public/sarc_mskcc/sarc_mskcc_data_cna_hg18.seg
chr9	136002819	136173744	False	-801.5972	/Users/suny1/data/datahub/public/sarc_mskcc/sarc_mskcc_data_cna_hg18.seg
chr12	129369766	132349534	False	-43.8973	/Users/suny1/data/datahub/public/sarc_mskcc/sarc_mskcc_data_cna_hg18.seg
chr12	122825406	132349534	False	-13.0468	/Users/suny1/data/datahub/public/sarc_mskcc/sarc_mskcc_data_cna_hg18.seg
chr12	124237329	132349534	False	-15.4916	/Users/suny1/data/datahub/public/sarc_mskcc/sarc_mskcc_data_cna_hg18.seg
chr19	24039581	33136797	True	0.4614	/Users/suny1/data/datahub/public/sarc_mskcc/sarc_mskcc_data_cna_hg18.seg
chr1	109494045	146751818	False	-2.9442	/Users/suny1/data/datahub/public/sarc_mskcc/sarc_mskcc_data_cna_hg18.seg
chr12	130748229	132349534	False	-82.5466	/Users/suny1/data/datahub/public/sarc_mskcc/sarc_mskcc_data_cna_hg18.seg
chr12	122841795	132349534	False	-13.0710	/Users/suny1/data/datahub/public/sarc_mskcc/sarc_mskcc_data_cna_hg18.seg
chr12	123161208	132349534	False	-13.5602	/Users/suny1/data/datahub/public/sarc_mskcc/sarc_mskcc_data_cna_hg18.seg
chr12	124115142	132349534	False	-15.2469	/Users/suny1/data/datahub/public/sarc_mskcc/sarc_mskcc_data_cna_hg18.seg
chr9	32808679	69310842	False	-0.8991	/Users/suny1/data/datahub/public/sarc_mskcc/sarc_mskcc_data_cna_hg18.seg
chr12	130744427	132349534	False	-82.3487	/Users/suny1/data/datahub/public/sarc_mskcc/sarc_mskcc_data_cna_hg18.seg
chr12	130748229	132349534	False	-82.5466	/Users/suny1/data/datahub/public/sarc_mskcc/sarc_mskcc_data_cna_hg18.seg
chr12	130751277	132349534	False	-82.7059	/Users/suny1/data/datahub/public/sarc_mskcc/sarc_mskcc_data_cna_hg18.seg
chr12	130744412	132349534	False	-82.3479	/Users/suny1/data/datahub/public/sarc_mskcc/sarc_mskcc_data_cna_hg18.seg
chr12	121758772	132349534	False	-11.6321	/Users/suny1/data/datahub/public/sarc_mskcc/sarc_mskcc_data_cna_hg18.seg
chr19	24165666	33106474	True	0.4520	/Users/suny1/data/datahub/public/sarc_mskcc/sarc_mskcc_data_cna_hg18.seg
chr4	5844269	8823992	False	-1.9443	/Users/suny1/data/datahub/public/sarc_mskcc/sarc_mskcc_data_cna_hg18.seg
chr12	130523914	132349534	False	-72.2812	/Users/suny1/data/datahub/public/sarc_mskcc/sarc_mskcc_data_cna_hg18.seg
chr1	108423310	142576039	False	-3.1805	/Users/suny1/data/datahub/public/sarc_mskcc/sarc_mskcc_data_cna_hg18.seg
chr12	132254227	132349534	False	-1403.2983	/Users/suny1/data/datahub/public/sarc_mskcc/sarc_mskcc_data_cna_hg18.seg
chr12	124517245	132349534	False	-16.0810	/Users/suny1/data/datahub/public/sarc_mskcc/sarc_mskcc_data_cna_hg18.seg
chr12	86820299	132349534	False	-1.9393	/Users/suny1/data/datahub/public/sarc_mskcc/sarc_mskcc_data_cna_hg18.seg
chr12	127794840	132349534	False	-28.3727	/Users/suny1/data/datahub/public/sarc_mskcc/sarc_mskcc_data_cna_hg18.seg
chr12	124237329	132349534	False	-15.4916	/Users/suny1/data/datahub/public/sarc_mskcc/sarc_mskcc_data_cna_hg18.seg
chr12	121879425	132349534	False	-11.7777	/Users/suny1/data/datahub/public/sarc_mskcc/sarc_mskcc_data_cna_hg18.seg
chr12	36594	132349534	False	-0.0013	/Users/suny1/data/datahub/public/sarc_mskcc/sarc_mskcc_data_cna_hg18.seg
chr12	36594	132349534	False	-0.0013	/Users/suny1/data/datahub/public/sarc_mskcc/sarc_mskcc_data_cna_hg18.seg
chr12	88819758	132349534	False	-2.0743	/Users/suny1/data/datahub/public/sarc_mskcc/sarc_mskcc_data_cna_hg18.seg
chr9	69179022	69781961	False	-115.9142	/Users/suny1/data/datahub/public/sarc_mskcc/sarc_mskcc_data_cna_hg18.seg
chr12	130748229	132349534	False	-82.5466	/Users/suny1/data/datahub/public/sarc_mskcc/sarc_mskcc_data_cna_hg18.seg
chr12	122898336	132349534	False	-13.1552	/Users/suny1/data/datahub/public/sarc_mskcc/sarc_mskcc_data_cna_hg18.seg
chr1	145819658	146509391	False	-213.6378	/Users/suny1/data/datahub/public/sarc_mskcc/sarc_mskcc_data_cna_hg18.seg
chr4	42223812	59438786	False	-2.4705	/Users/suny1/data/datahub/public/sarc_mskcc/sarc_mskcc_data_cna_hg18.seg
chr12	127032277	132349534	False	-24.1603	/Users/suny1/data/datahub/public/sarc_mskcc/sarc_mskcc_data_cna_hg18.seg
chr20	28143576	29433574	True	0.3411	/Users/suny1/data/datahub/public/sarc_mskcc/sarc_mskcc_data_cna_hg18.seg
chr12	130748068	132349534	False	-82.5382	/Users/suny1/data/datahub/public/sarc_mskcc/sarc_mskcc_data_cna_hg18.seg
chr12	128073091	132349534	False	-30.2838	/Users/suny1/data/datahub/public/sarc_mskcc/sarc_mskcc_data_cna_hg18.seg
chr12	130775778	132349534	False	-84.0091	/Users/suny1/data/datahub/public/sarc_mskcc/sarc_mskcc_data_cna_hg18.seg
chr4	32121675	32514210	False	-82.7386	/Users/suny1/data/datahub/public/sarc_mskcc/sarc_mskcc_data_cna_hg18.seg
chr9	132451357	136173651	False	-35.8546	/Users/suny1/data/datahub/public/sarc_mskcc/sarc_mskcc_data_cna_hg18.seg
chr12	130359161	132349534	False	-66.2153	/Users/suny1/data/datahub/public/sarc_mskcc/sarc_mskcc_data_cna_hg18.seg
chr17	22044859	22883192	True	4.4592	/Users/suny1/data/datahub/public/sarc_mskcc/sarc_mskcc_data_cna_hg18.seg
chr4	3700212	8823992	False	-0.7281	/Users/suny1/data/datahub/public/sarc_mskcc/sarc_mskcc_data_cna_hg18.seg
chr12	122825406	132349534	False	-13.0468	/Users/suny1/data/datahub/public/sarc_mskcc/sarc_mskcc_data_cna_hg18.seg
chr12	128771489	132349534	False	-36.3901	/Users/suny1/data/datahub/public/sarc_mskcc/sarc_mskcc_data_cna_hg18.seg
chr1	120893017	146509391	False	-4.7310	/Users/suny1/data/datahub/public/sarc_mskcc/sarc_mskcc_data_cna_hg18.seg
chr12	131930862	132349534	False	-318.6762	/Users/suny1/data/datahub/public/sarc_mskcc/sarc_mskcc_data_cna_hg18.seg
chr1	144940574	147239014	False	-63.7276	/Users/suny1/data/datahub/public/sarc_mskcc/sarc_mskcc_data_cna_hg18.seg
chr12	130744181	132349534	False	-82.3359	/Users/suny1/data/datahub/public/sarc_mskcc/sarc_mskcc_data_cna_hg18.seg
chr12	92212007	132349534	False	-2.3342	/Users/suny1/data/datahub/public/sarc_mskcc/sarc_mskcc_data_cna_hg18.seg
chr12	91027951	132349534	False	-2.2386	/Users/suny1/data/datahub/public/sarc_mskcc/sarc_mskcc_data_cna_hg18.seg
chr12	129544112	132349534	False	-46.6875	/Users/suny1/data/datahub/public/sarc_mskcc/sarc_mskcc_data_cna_hg18.seg
chr2	4604994	5047970	False	-10.4455	/Users/suny1/data/datahub/public/sarc_mskcc/sarc_mskcc_data_cna_hg18.seg
chr12	130744181	132349534	False	-82.3359	/Users/suny1/data/datahub/public/sarc_mskcc/sarc_mskcc_data_cna_hg18.seg
chr12	122644035	132349534	False	-12.7843	/Users/suny1/data/datahub/public/sarc_mskcc/sarc_mskcc_data_cna_hg18.seg
chr12	92212007	132349534	False	-2.3342	/Users/suny1/data/datahub/public/sarc_mskcc/sarc_mskcc_data_cna_hg18.seg
chr12	36594	132349534	False	-0.0013	/Users/suny1/data/datahub/public/sarc_mskcc/sarc_mskcc_data_cna_hg18.seg
chr12	87869231	132349534	False	-2.0086	/Users/suny1/data/datahub/public/sarc_mskcc/sarc_mskcc_data_cna_hg18.seg
chr19	24161928	33136797	True	0.4540	/Users/suny1/data/datahub/public/sarc_mskcc/sarc_mskcc_data_cna_hg18.seg
chr12	132254227	132349534	False	-1403.2983	/Users/suny1/data/datahub/public/sarc_mskcc/sarc_mskcc_data_cna_hg18.seg
chr12	119866444	121138480	False	-95.4234	/Users/suny1/data/datahub/public/sarc_mskcc/sarc_mskcc_data_cna_hg18.seg
chr12	122644035	132349534	False	-12.7843	/Users/suny1/data/datahub/public/sarc_mskcc/sarc_mskcc_data_cna_hg18.seg
chr19	24039581	33106474	True	0.4596	/Users/suny1/data/datahub/public/sarc_mskcc/sarc_mskcc_data_cna_hg18.seg
chr1	116012010	142592675	False	-4.3720	/Users/suny1/data/datahub/public/sarc_mskcc/sarc_mskcc_data_cna_hg18.seg
chr4	55892910	59438786	False	-15.8489	/Users/suny1/data/datahub/public/sarc_mskcc/sarc_mskcc_data_cna_hg18.seg
chr12	121879425	132349534	False	-11.7777	/Users/suny1/data/datahub/public/sarc_mskcc/sarc_mskcc_data_cna_hg18.seg
chr12	131930862	132349534	False	-318.6762	/Users/suny1/data/datahub/public/sarc_mskcc/sarc_mskcc_data_cna_hg18.seg
chr12	123145065	132349534	False	-13.5346	/Users/suny1/data/datahub/public/sarc_mskcc/sarc_mskcc_data_cna_hg18.seg
chr12	36594	132349534	False	-0.0013	/Users/suny1/data/datahub/public/sarc_mskcc/sarc_mskcc_data_cna_hg18.seg
chr12	123187011	132349534	False	-13.6012	/Users/suny1/data/datahub/public/sarc_mskcc/sarc_mskcc_data_cna_hg18.seg
chr12	8041874	132349534	False	-0.0656	/Users/suny1/data/datahub/public/sarc_mskcc/sarc_mskcc_data_cna_hg18.seg
chr12	90714734	132349534	False	-2.2143	/Users/suny1/data/datahub/public/sarc_mskcc/sarc_mskcc_data_cna_hg18.seg
chr12	124122271	132349534	False	-15.2610	/Users/suny1/data/datahub/public/sarc_mskcc/sarc_mskcc_data_cna_hg18.seg
chr12	124248866	132349534	False	-15.5151	/Users/suny1/data/datahub/public/sarc_mskcc/sarc_mskcc_data_cna_hg18.seg
chr12	126595604	132349534	False	-22.2508	/Users/suny1/data/datahub/public/sarc_mskcc/sarc_mskcc_data_cna_hg18.seg
chr12	124248866	132349534	False	-15.5151	/Users/suny1/data/datahub/public/sarc_mskcc/sarc_mskcc_data_cna_hg18.seg
chr12	130751426	132349534	False	-82.7137	/Users/suny1/data/datahub/public/sarc_mskcc/sarc_mskcc_data_cna_hg18.seg
chr1	145819658	146509391	False	-213.6378	/Users/suny1/data/datahub/public/sarc_mskcc/sarc_mskcc_data_cna_hg18.seg
chr12	113388728	132349534	False	-6.0601	/Users/suny1/data/datahub/public/sarc_mskcc/sarc_mskcc_data_cna_hg18.seg
chr12	86839942	132349534	False	-1.9406	/Users/suny1/data/datahub/public/sarc_mskcc/sarc_mskcc_data_cna_hg18.seg
chr12	87459093	132349534	False	-1.9812	/Users/suny1/data/datahub/public/sarc_mskcc/sarc_mskcc_data_cna_hg18.seg
chr12	36594	132349534	False	-0.0013	/Users/suny1/data/datahub/public/sarc_mskcc/sarc_mskcc_data_cna_hg18.seg
chr12	90619246	132349534	False	-2.2069	/Users/suny1/data/datahub/public/sarc_mskcc/sarc_mskcc_data_cna_hg18.seg
chr12	23660716	132349534	False	-0.2187	/Users/suny1/data/datahub/public/sarc_mskcc/sarc_mskcc_data_cna_hg18.seg
chr12	90724673	132349534	False	-2.2150	/Users/suny1/data/datahub/public/sarc_mskcc/sarc_mskcc_data_cna_hg18.seg
chr12	130748917	132349534	False	-82.5825	/Users/suny1/data/datahub/public/sarc_mskcc/sarc_mskcc_data_cna_hg18.seg
chr12	40145436	132349534	False	-0.4540	/Users/suny1/data/datahub/public/sarc_mskcc/sarc_mskcc_data_cna_hg18.seg
chr12	124235145	132349534	False	-15.4872	/Users/suny1/data/datahub/public/sarc_mskcc/sarc_mskcc_data_cna_hg18.seg
chr12	69457018	132349534	False	-1.1316	/Users/suny1/data/datahub/public/sarc_mskcc/sarc_mskcc_data_cna_hg18.seg
chr2	233721171	233725594	True	14.6995	/Users/suny1/data/datahub/public/sarc_mskcc/sarc_mskcc_data_cna_hg18.seg
chr7	48195299	61883431	False	4.5474	/Users/suny1/data/datahub/public/sarc_mskcc/sarc_mskcc_data_cna_hg18.seg
chr1	144880865	144940574	True	5.1926	/Users/suny1/data/datahub/public/sarc_mskcc/sarc_mskcc_data_cna_hg18.seg
chr1	146509391	146802876	False	506.1119	/Users/suny1/data/datahub/public/sarc_mskcc/sarc_mskcc_data_cna_hg18.seg
chr1	147751689	150519772	False	55.0031	/Users/suny1/data/datahub/public/sarc_mskcc/sarc_mskcc_data_cna_hg18.seg
chr1	29791250	30288959	False	61.3137	/Users/suny1/data/datahub/public/sarc_mskcc/sarc_mskcc_data_cna_hg18.seg
chr1	143482819	146008678	False	58.4126	/Users/suny1/data/datahub/public/sarc_mskcc/sarc_mskcc_data_cna_hg18.seg
chr1	146751971	148421796	False	89.9227	/Users/suny1/data/datahub/public/sarc_mskcc/sarc_mskcc_data_cna_hg18.seg
chr9	136211086	138363203	False	64.7007	/Users/suny1/data/datahub/public/sarc_mskcc/sarc_mskcc_data_cna_hg18.seg
chr1	221826790	225207998	False	67.1776	/Users/suny1/data/datahub/public/sarc_mskcc/sarc_mskcc_data_cna_hg18.seg
chr4	71619801	72369274	False	96.2682	/Users/suny1/data/datahub/public/sarc_mskcc/sarc_mskcc_data_cna_hg18.seg
chr9	64197638	83162465	False	4.4278	/Users/suny1/data/datahub/public/sarc_mskcc/sarc_mskcc_data_cna_hg18.seg
chr9	64197638	68922682	False	14.7370	/Users/suny1/data/datahub/public/sarc_mskcc/sarc_mskcc_data_cna_hg18.seg
chr23	34419	2042325	False	-0.0468	/Users/suny1/data/datahub/public/sarc_mskcc/sarc_mskcc_data_cna_hg18.seg
chr23	2102228	25312259	False	1.0944	/Users/suny1/data/datahub/public/sarc_mskcc/sarc_mskcc_data_cna_hg18.seg
chr1	146509391	148186273	False	89.4038	/Users/suny1/data/datahub/public/sarc_mskcc/sarc_mskcc_data_cna_hg18.seg
chr23	900802	2103778	False	-0.8150	/Users/suny1/data/datahub/public/sarc_mskcc/sarc_mskcc_data_cna_hg18.seg
chr23	2103799	2745061	False	4.2645	/Users/suny1/data/datahub/public/sarc_mskcc/sarc_mskcc_data_cna_hg18.seg
chr1	146751818	148472144	False	87.3122	/Users/suny1/data/datahub/public/sarc_mskcc/sarc_mskcc_data_cna_hg18.seg
chr23	46637822	49977001	False	-14.0012	/Users/suny1/data/datahub/public/sarc_mskcc/sarc_mskcc_data_cna_hg18.seg
chr23	49982244	50294375	False	161.0774	/Users/suny1/data/datahub/public/sarc_mskcc/sarc_mskcc_data_cna_hg18.seg
chr1	143482819	143934978	False	321.1782	/Users/suny1/data/datahub/public/sarc_mskcc/sarc_mskcc_data_cna_hg18.seg
chr17	59782864	59810599	True	0.0000	/Users/suny1/data/datahub/public/sarc_mskcc/sarc_mskcc_data_cna_hg18.seg
chr17	59833749	61015567	False	53.8028	/Users/suny1/data/datahub/public/sarc_mskcc/sarc_mskcc_data_cna_hg18.seg
chr9	64197638	69140746	False	14.1310	/Users/suny1/data/datahub/public/sarc_mskcc/sarc_mskcc_data_cna_hg18.seg
chr1	143160819	143483220	False	-448.0515	/Users/suny1/data/datahub/public/sarc_mskcc/sarc_mskcc_data_cna_hg18.seg
chr1	147751689	154857455	False	22.0372	/Users/suny1/data/datahub/public/sarc_mskcc/sarc_mskcc_data_cna_hg18.seg
chr9	136090033	136133661	True	0.0000	/Users/suny1/data/datahub/public/sarc_mskcc/sarc_mskcc_data_cna_hg18.seg
chr9	136149968	137173001	False	134.9254	/Users/suny1/data/datahub/public/sarc_mskcc/sarc_mskcc_data_cna_hg18.seg
chr2	109538499	113809564	False	26.7130	/Users/suny1/data/datahub/public/sarc_mskcc/sarc_mskcc_data_cna_hg18.seg
chr1	146967023	148583733	False	92.9772	/Users/suny1/data/datahub/public/sarc_mskcc/sarc_mskcc_data_cna_hg18.seg
chr1	29769154	29791127	True	0.0000	/Users/suny1/data/datahub/public/sarc_mskcc/sarc_mskcc_data_cna_hg18.seg
chr1	29791250	30548135	False	40.6608	/Users/suny1/data/datahub/public/sarc_mskcc/sarc_mskcc_data_cna_hg18.seg
chr1	144925278	146751818	False	-80.1843	/Users/suny1/data/datahub/public/sarc_mskcc/sarc_mskcc_data_cna_hg18.seg
chr1	146751971	148310213	False	96.2903	/Users/suny1/data/datahub/public/sarc_mskcc/sarc_mskcc_data_cna_hg18.seg
chr2	89460099	97105313	False	12.7847	/Users/suny1/data/datahub/public/sarc_mskcc/sarc_mskcc_data_cna_hg18.seg
chr7	141950007	144111472	False	66.8438	/Users/suny1/data/datahub/public/sarc_mskcc/sarc_mskcc_data_cna_hg18.seg
chr23	47450026	49977001	False	-18.8228	/Users/suny1/data/datahub/public/sarc_mskcc/sarc_mskcc_data_cna_hg18.seg
chr23	49982244	53098475	False	17.0338	/Users/suny1/data/datahub/public/sarc_mskcc/sarc_mskcc_data_cna_hg18.seg
chr4	71619801	83674954	False	6.9228	/Users/suny1/data/datahub/public/sarc_mskcc/sarc_mskcc_data_cna_hg18.seg
chr1	143482819	210955773	False	3.1552	/Users/suny1/data/datahub/public/sarc_mskcc/sarc_mskcc_data_cna_hg18.seg
chr7	141922664	144111472	False	66.0088	/Users/suny1/data/datahub/public/sarc_mskcc/sarc_mskcc_data_cna_hg18.seg
chr9	68245287	86899310	False	4.7019	/Users/suny1/data/datahub/public/sarc_mskcc/sarc_mskcc_data_cna_hg18.seg
chr23	390296	992950	False	-0.7797	/Users/suny1/data/datahub/public/sarc_mskcc/sarc_mskcc_data_cna_hg18.seg
chr9	64197638	138363203	False	1.8775	/Users/suny1/data/datahub/public/sarc_mskcc/sarc_mskcc_data_cna_hg18.seg
chr1	146751971	148472144	False	87.3200	/Users/suny1/data/datahub/public/sarc_mskcc/sarc_mskcc_data_cna_hg18.seg
chr1	146751818	148310449	False	96.2664	/Users/suny1/data/datahub/public/sarc_mskcc/sarc_mskcc_data_cna_hg18.seg
chr9	68245287	68744101	False	139.2388	/Users/suny1/data/datahub/public/sarc_mskcc/sarc_mskcc_data_cna_hg18.seg
chr1	144565550	147832253	False	45.7849	/Users/suny1/data/datahub/public/sarc_mskcc/sarc_mskcc_data_cna_hg18.seg
chr23	40734562	49977001	False	-4.4197	/Users/suny1/data/datahub/public/sarc_mskcc/sarc_mskcc_data_cna_hg18.seg
chr23	49982244	95833295	False	2.0926	/Users/suny1/data/datahub/public/sarc_mskcc/sarc_mskcc_data_cna_hg18.seg
chr1	147751689	149142442	False	108.4850	/Users/suny1/data/datahub/public/sarc_mskcc/sarc_mskcc_data_cna_hg18.seg
chr1	143482819	143700035	False	667.4862	/Users/suny1/data/datahub/public/sarc_mskcc/sarc_mskcc_data_cna_hg18.seg
chr1	142592675	146034535	False	42.8745	/Users/suny1/data/datahub/public/sarc_mskcc/sarc_mskcc_data_cna_hg18.seg
chr23	34419	992950	False	-0.0981	/Users/suny1/data/datahub/public/sarc_mskcc/sarc_mskcc_data_cna_hg18.seg
chr1	17035364	17635880	False	29.5801	/Users/suny1/data/datahub/public/sarc_mskcc/sarc_mskcc_data_cna_hg18.seg
chr1	142576039	143700035	False	128.9939	/Users/suny1/data/datahub/public/sarc_mskcc/sarc_mskcc_data_cna_hg18.seg
chr6	170088907	170421133	False	513.4433	/Users/suny1/data/datahub/public/sarc_mskcc/sarc_mskcc_data_cna_hg18.seg
chr1	146509391	147903455	False	107.3386	/Users/suny1/data/datahub/public/sarc_mskcc/sarc_mskcc_data_cna_hg18.seg
chr9	136176515	138363203	False	63.6778	/Users/suny1/data/datahub/public/sarc_mskcc/sarc_mskcc_data_cna_hg18.seg
chr1	146751971	148309791	False	96.3161	/Users/suny1/data/datahub/public/sarc_mskcc/sarc_mskcc_data_cna_hg18.seg
chr9	69320360	111329511	False	2.6730	/Users/suny1/data/datahub/public/sarc_mskcc/sarc_mskcc_data_cna_hg18.seg
chr1	146967023	148365745	False	107.3116	/Users/suny1/data/datahub/public/sarc_mskcc/sarc_mskcc_data_cna_hg18.seg
chr4	8824335	24675021	False	1.5814	/Users/suny1/data/datahub/public/sarc_mskcc/sarc_mskcc_data_cna_hg18.seg
chr1	142592675	143736742	False	126.7630	/Users/suny1/data/datahub/public/sarc_mskcc/sarc_mskcc_data_cna_hg18.seg
chr1	146751818	146802876	False	2909.1671	/Users/suny1/data/datahub/public/sarc_mskcc/sarc_mskcc_data_cna_hg18.seg
chr9	136173744	138363203	False	63.5972	/Users/suny1/data/datahub/public/sarc_mskcc/sarc_mskcc_data_cna_hg18.seg
chr4	8824335	24819500	False	1.5761	/Users/suny1/data/datahub/public/sarc_mskcc/sarc_mskcc_data_cna_hg18.seg
chr9	64197638	68719233	False	15.3551	/Users/suny1/data/datahub/public/sarc_mskcc/sarc_mskcc_data_cna_hg18.seg
chr1	146751818	148310213	False	96.2808	/Users/suny1/data/datahub/public/sarc_mskcc/sarc_mskcc_data_cna_hg18.seg
chr1	143482819	144936917	False	100.7293	/Users/suny1/data/datahub/public/sarc_mskcc/sarc_mskcc_data_cna_hg18.seg
chr1	147239297	148399613	False	129.3897	/Users/suny1/data/datahub/public/sarc_mskcc/sarc_mskcc_data_cna_hg18.seg
chr1	146967023	147831934	False	172.9257	/Users/suny1/data/datahub/public/sarc_mskcc/sarc_mskcc_data_cna_hg18.seg
chr9	64197638	69118960	False	14.1891	/Users/suny1/data/datahub/public/sarc_mskcc/sarc_mskcc_data_cna_hg18.seg
chr23	34419	2103799	False	-0.0454	/Users/suny1/data/datahub/public/sarc_mskcc/sarc_mskcc_data_cna_hg18.seg
chr23	2108806	48102117	False	1.0483	/Users/suny1/data/datahub/public/sarc_mskcc/sarc_mskcc_data_cna_hg18.seg
